TN:
SF:/home/orakul/Projects/task/2025-05-hawk-high/lib/forge-std/src/Base.sol
DA:10,0
end_of_record
SF:/home/orakul/Projects/task/2025-05-hawk-high/lib/forge-std/src/Script.sol
DA:27,0
end_of_record
SF:/home/orakul/Projects/task/2025-05-hawk-high/lib/forge-std/src/StdAssertions.sol
DA:8,0
DA:36,0
DA:40,0
DA:41,0
DA:42,0
DA:44,0
DA:95,0
DA:96,0
DA:135,0
DA:136,0
FN:40,failed
FNDA:0,failed
FN:48,fail
FNDA:0,fail
FN:53,fail
FNDA:0,fail
FN:58,assertTrue
FNDA:0,assertTrue
FN:64,assertTrue
FNDA:0,assertTrue
FN:70,assertFalse
FNDA:0,assertFalse
FN:76,assertFalse
FNDA:0,assertFalse
FN:82,assertEq
FNDA:0,assertEq
FN:88,assertEq
FNDA:0,assertEq
FN:94,assertEq
FNDA:0,assertEq
FN:100,assertEq
FNDA:0,assertEq
FN:106,assertEqDecimal
FNDA:0,assertEqDecimal
FN:110,assertEqDecimal
FNDA:0,assertEqDecimal
FN:114,assertEq
FNDA:0,assertEq
FN:120,assertEq
FNDA:0,assertEq
FN:126,assertEqDecimal
FNDA:0,assertEqDecimal
FN:130,assertEqDecimal
FNDA:0,assertEqDecimal
FN:134,assertEq
FNDA:0,assertEq
FN:140,assertEq
FNDA:0,assertEq
FN:146,assertEq
FNDA:0,assertEq
FN:152,assertEq
FNDA:0,assertEq
FN:158,assertEq32
FNDA:0,assertEq32
FN:164,assertEq32
FNDA:0,assertEq32
FN:170,assertEq
FNDA:0,assertEq
FN:174,assertEq
FNDA:0,assertEq
FN:178,assertEq
FNDA:0,assertEq
FN:182,assertEq
FNDA:0,assertEq
FN:186,assertEq
FNDA:0,assertEq
FN:190,assertEq
FNDA:0,assertEq
FN:194,assertEq
FNDA:0,assertEq
FN:198,assertEq
FNDA:0,assertEq
FN:202,assertEq
FNDA:0,assertEq
FN:206,assertEq
FNDA:0,assertEq
FN:210,assertEq
FNDA:0,assertEq
FN:214,assertEq
FNDA:0,assertEq
FN:218,assertEq
FNDA:0,assertEq
FN:222,assertEq
FNDA:0,assertEq
FN:226,assertEq
FNDA:0,assertEq
FN:230,assertEq
FNDA:0,assertEq
FN:234,assertEq
FNDA:0,assertEq
FN:238,assertEq
FNDA:0,assertEq
FN:243,assertEqUint
FNDA:0,assertEqUint
FN:247,assertNotEq
FNDA:0,assertNotEq
FN:253,assertNotEq
FNDA:0,assertNotEq
FN:259,assertNotEq
FNDA:0,assertNotEq
FN:265,assertNotEq
FNDA:0,assertNotEq
FN:271,assertNotEqDecimal
FNDA:0,assertNotEqDecimal
FN:275,assertNotEqDecimal
FNDA:0,assertNotEqDecimal
FN:283,assertNotEq
FNDA:0,assertNotEq
FN:289,assertNotEq
FNDA:0,assertNotEq
FN:295,assertNotEqDecimal
FNDA:0,assertNotEqDecimal
FN:299,assertNotEqDecimal
FNDA:0,assertNotEqDecimal
FN:303,assertNotEq
FNDA:0,assertNotEq
FN:309,assertNotEq
FNDA:0,assertNotEq
FN:315,assertNotEq
FNDA:0,assertNotEq
FN:321,assertNotEq
FNDA:0,assertNotEq
FN:327,assertNotEq32
FNDA:0,assertNotEq32
FN:333,assertNotEq32
FNDA:0,assertNotEq32
FN:339,assertNotEq
FNDA:0,assertNotEq
FN:343,assertNotEq
FNDA:0,assertNotEq
FN:347,assertNotEq
FNDA:0,assertNotEq
FN:351,assertNotEq
FNDA:0,assertNotEq
FN:355,assertNotEq
FNDA:0,assertNotEq
FN:359,assertNotEq
FNDA:0,assertNotEq
FN:363,assertNotEq
FNDA:0,assertNotEq
FN:367,assertNotEq
FNDA:0,assertNotEq
FN:371,assertNotEq
FNDA:0,assertNotEq
FN:375,assertNotEq
FNDA:0,assertNotEq
FN:379,assertNotEq
FNDA:0,assertNotEq
FN:383,assertNotEq
FNDA:0,assertNotEq
FN:387,assertNotEq
FNDA:0,assertNotEq
FN:391,assertNotEq
FNDA:0,assertNotEq
FN:395,assertNotEq
FNDA:0,assertNotEq
FN:399,assertNotEq
FNDA:0,assertNotEq
FN:403,assertNotEq
FNDA:0,assertNotEq
FN:407,assertNotEq
FNDA:0,assertNotEq
FN:411,assertLt
FNDA:0,assertLt
FN:417,assertLt
FNDA:0,assertLt
FN:423,assertLtDecimal
FNDA:0,assertLtDecimal
FN:427,assertLtDecimal
FNDA:0,assertLtDecimal
FN:431,assertLt
FNDA:0,assertLt
FN:437,assertLt
FNDA:0,assertLt
FN:443,assertLtDecimal
FNDA:0,assertLtDecimal
FN:447,assertLtDecimal
FNDA:0,assertLtDecimal
FN:451,assertGt
FNDA:0,assertGt
FN:457,assertGt
FNDA:0,assertGt
FN:463,assertGtDecimal
FNDA:0,assertGtDecimal
FN:467,assertGtDecimal
FNDA:0,assertGtDecimal
FN:471,assertGt
FNDA:0,assertGt
FN:477,assertGt
FNDA:0,assertGt
FN:483,assertGtDecimal
FNDA:0,assertGtDecimal
FN:487,assertGtDecimal
FNDA:0,assertGtDecimal
FN:491,assertLe
FNDA:0,assertLe
FN:497,assertLe
FNDA:0,assertLe
FN:503,assertLeDecimal
FNDA:0,assertLeDecimal
FN:507,assertLeDecimal
FNDA:0,assertLeDecimal
FN:511,assertLe
FNDA:0,assertLe
FN:517,assertLe
FNDA:0,assertLe
FN:523,assertLeDecimal
FNDA:0,assertLeDecimal
FN:527,assertLeDecimal
FNDA:0,assertLeDecimal
FN:531,assertGe
FNDA:0,assertGe
FN:537,assertGe
FNDA:0,assertGe
FN:543,assertGeDecimal
FNDA:0,assertGeDecimal
FN:547,assertGeDecimal
FNDA:0,assertGeDecimal
FN:551,assertGe
FNDA:0,assertGe
FN:557,assertGe
FNDA:0,assertGe
FN:563,assertGeDecimal
FNDA:0,assertGeDecimal
FN:567,assertGeDecimal
FNDA:0,assertGeDecimal
FN:571,assertApproxEqAbs
FNDA:0,assertApproxEqAbs
FN:575,assertApproxEqAbs
FNDA:0,assertApproxEqAbs
FN:583,assertApproxEqAbsDecimal
FNDA:0,assertApproxEqAbsDecimal
FN:591,assertApproxEqAbsDecimal
FNDA:0,assertApproxEqAbsDecimal
FN:601,assertApproxEqAbs
FNDA:0,assertApproxEqAbs
FN:605,assertApproxEqAbs
FNDA:0,assertApproxEqAbs
FN:609,assertApproxEqAbsDecimal
FNDA:0,assertApproxEqAbsDecimal
FN:617,assertApproxEqAbsDecimal
FNDA:0,assertApproxEqAbsDecimal
FN:625,assertApproxEqRel
FNDA:0,assertApproxEqRel
FN:633,assertApproxEqRel
FNDA:0,assertApproxEqRel
FN:642,assertApproxEqRelDecimal
FNDA:0,assertApproxEqRelDecimal
FN:651,assertApproxEqRelDecimal
FNDA:0,assertApproxEqRelDecimal
FN:661,assertApproxEqRel
FNDA:0,assertApproxEqRel
FN:665,assertApproxEqRel
FNDA:0,assertApproxEqRel
FN:674,assertApproxEqRelDecimal
FNDA:0,assertApproxEqRelDecimal
FN:683,assertApproxEqRelDecimal
FNDA:0,assertApproxEqRelDecimal
FN:694,checkEq0
FNDA:0,checkEq0
FN:698,assertEq0
FNDA:0,assertEq0
FN:702,assertEq0
FNDA:0,assertEq0
FN:706,assertNotEq0
FNDA:0,assertNotEq0
FN:710,assertNotEq0
FNDA:0,assertNotEq0
FN:714,assertEqCall
FNDA:0,assertEqCall
FN:718,assertEqCall
FNDA:0,assertEqCall
FN:725,assertEqCall
FNDA:0,assertEqCall
FN:732,assertEqCall
FNDA:0,assertEqCall
end_of_record
SF:/home/orakul/Projects/task/2025-05-hawk-high/lib/forge-std/src/StdChains.sol
DA:66,0
FN:69,getChain
FNDA:0,getChain
FN:82,getChain
FNDA:0,getChain
FN:98,setChain
FNDA:0,setChain
FN:131,setChain
FNDA:0,setChain
FN:135,_toUpper
FNDA:0,_toUpper
FN:151,getChainWithUpdatedRpcUrl
FNDA:0,getChainWithUpdatedRpcUrl
FN:188,setFallbackToDefaultRpcUrls
FNDA:0,setFallbackToDefaultRpcUrls
FN:192,initializeStdChains
FNDA:0,initializeStdChains
FN:279,setChainWithDefaultRpcUrl
FNDA:0,setChainWithDefaultRpcUrl
end_of_record
SF:/home/orakul/Projects/task/2025-05-hawk-high/lib/forge-std/src/StdCheats.sol
DA:11,0
DA:544,0
DA:545,0
DA:546,0
DA:547,0
DA:551,0
DA:552,0
FN:209,assumeNotBlacklisted
FNDA:0,assumeNotBlacklisted
FN:233,assumeNoBlacklisted
FNDA:0,assumeNoBlacklisted
FN:237,assumeAddressIsNot
FNDA:0,assumeAddressIsNot
FN:251,assumeAddressIsNot
FNDA:0,assumeAddressIsNot
FN:256,assumeAddressIsNot
FNDA:0,assumeAddressIsNot
FN:267,assumeAddressIsNot
FNDA:0,assumeAddressIsNot
FN:284,_isPayable
FNDA:0,_isPayable
FN:305,assumePayable
FNDA:0,assumePayable
FN:309,assumeNotPayable
FNDA:0,assumeNotPayable
FN:313,assumeNotZeroAddress
FNDA:0,assumeNotZeroAddress
FN:317,assumeNotPrecompile
FNDA:0,assumeNotPrecompile
FN:321,assumeNotPrecompile
FNDA:0,assumeNotPrecompile
FN:344,assumeNotForgeAddress
FNDA:0,assumeNotForgeAddress
FN:352,assumeUnusedAddress
FNDA:0,assumeUnusedAddress
FN:364,readEIP1559ScriptArtifact
FNDA:0,readEIP1559ScriptArtifact
FN:384,rawToConvertedEIPTx1559s
FNDA:0,rawToConvertedEIPTx1559s
FN:392,rawToConvertedEIPTx1559
FNDA:0,rawToConvertedEIPTx1559
FN:403,rawToConvertedEIP1559Detail
FNDA:0,rawToConvertedEIP1559Detail
FN:421,readTx1559s
FNDA:0,readTx1559s
FN:428,readTx1559
FNDA:0,readTx1559
FN:437,readReceipts
FNDA:0,readReceipts
FN:444,readReceipt
FNDA:0,readReceipt
FN:452,rawToConvertedReceipts
FNDA:0,rawToConvertedReceipts
FN:460,rawToConvertedReceipt
FNDA:0,rawToConvertedReceipt
FN:478,rawToConvertedReceiptLogs
FNDA:0,rawToConvertedReceiptLogs
FN:502,deployCode
FNDA:0,deployCode
FN:512,deployCode
FNDA:0,deployCode
FN:523,deployCode
FNDA:0,deployCode
FN:533,deployCode
FNDA:0,deployCode
FN:544,makeAddrAndKey
FNDA:0,makeAddrAndKey
FN:551,makeAddr
FNDA:0,makeAddr
FN:559,destroyAccount
FNDA:0,destroyAccount
FN:570,makeAccount
FNDA:0,makeAccount
FN:574,deriveRememberKey
FNDA:0,deriveRememberKey
FN:583,_bytesToUint
FNDA:0,_bytesToUint
FN:588,isFork
FNDA:0,isFork
FN:631,_viewChainId
FNDA:0,_viewChainId
FN:640,_pureChainId
FNDA:0,_pureChainId
FN:659,skip
FNDA:0,skip
FN:663,rewind
FNDA:0,rewind
FN:668,hoax
FNDA:0,hoax
FN:673,hoax
FNDA:0,hoax
FN:678,hoax
FNDA:0,hoax
FN:683,hoax
FNDA:0,hoax
FN:689,startHoax
FNDA:0,startHoax
FN:694,startHoax
FNDA:0,startHoax
FN:701,startHoax
FNDA:0,startHoax
FN:706,startHoax
FNDA:0,startHoax
FN:711,changePrank
FNDA:0,changePrank
FN:717,changePrank
FNDA:0,changePrank
FN:724,deal
FNDA:0,deal
FN:730,deal
FNDA:0,deal
FN:736,dealERC1155
FNDA:0,dealERC1155
FN:740,deal
FNDA:0,deal
FN:761,dealERC1155
FNDA:0,dealERC1155
FN:786,dealERC721
FNDA:0,dealERC721
FN:808,deployCodeTo
FNDA:0,deployCodeTo
FN:812,deployCodeTo
FNDA:0,deployCodeTo
FN:816,deployCodeTo
FNDA:0,deployCodeTo
FN:825,console2_log_StdCheats
FNDA:0,console2_log_StdCheats
end_of_record
SF:/home/orakul/Projects/task/2025-05-hawk-high/lib/forge-std/src/StdConstants.sol
DA:7,17
end_of_record
SF:/home/orakul/Projects/task/2025-05-hawk-high/lib/forge-std/src/StdError.sol
DA:5,1
DA:6,0
DA:7,0
DA:8,0
DA:9,0
DA:10,0
DA:11,0
DA:12,0
DA:13,0
DA:14,0
end_of_record
SF:/home/orakul/Projects/task/2025-05-hawk-high/lib/forge-std/src/StdInvariant.sol
DA:83,0
DA:84,0
DA:87,0
DA:88,0
DA:91,0
DA:92,0
DA:95,0
DA:96,0
DA:99,0
DA:100,0
DA:103,0
DA:104,0
DA:107,0
DA:108,0
DA:111,0
DA:112,0
DA:115,0
DA:116,0
DA:119,0
DA:120,0
FN:40,excludeContract
FNDA:0,excludeContract
FN:44,excludeSelector
FNDA:0,excludeSelector
FN:48,excludeSender
FNDA:0,excludeSender
FN:52,excludeArtifact
FNDA:0,excludeArtifact
FN:56,targetArtifact
FNDA:0,targetArtifact
FN:60,targetArtifactSelector
FNDA:0,targetArtifactSelector
FN:64,targetContract
FNDA:0,targetContract
FN:68,targetSelector
FNDA:0,targetSelector
FN:72,targetSender
FNDA:0,targetSender
FN:76,targetInterface
FNDA:0,targetInterface
FN:83,excludeArtifacts
FNDA:0,excludeArtifacts
FN:87,excludeContracts
FNDA:0,excludeContracts
FN:91,excludeSelectors
FNDA:0,excludeSelectors
FN:95,excludeSenders
FNDA:0,excludeSenders
FN:99,targetArtifacts
FNDA:0,targetArtifacts
FN:103,targetArtifactSelectors
FNDA:0,targetArtifactSelectors
FN:107,targetContracts
FNDA:0,targetContracts
FN:111,targetSelectors
FNDA:0,targetSelectors
FN:115,targetSenders
FNDA:0,targetSenders
FN:119,targetInterfaces
FNDA:0,targetInterfaces
end_of_record
SF:/home/orakul/Projects/task/2025-05-hawk-high/lib/forge-std/src/StdJson.sol
DA:25,17
DA:26,0
DA:60,0
DA:61,0
DA:68,0
DA:69,0
FN:28,keyExists
FNDA:0,keyExists
FN:32,parseRaw
FNDA:0,parseRaw
FN:36,readUint
FNDA:0,readUint
FN:40,readUintArray
FNDA:0,readUintArray
FN:44,readInt
FNDA:0,readInt
FN:48,readIntArray
FNDA:0,readIntArray
FN:52,readBytes32
FNDA:0,readBytes32
FN:56,readBytes32Array
FNDA:0,readBytes32Array
FN:60,readString
FNDA:0,readString
FN:64,readStringArray
FNDA:0,readStringArray
FN:68,readAddress
FNDA:0,readAddress
FN:72,readAddressArray
FNDA:0,readAddressArray
FN:76,readBool
FNDA:0,readBool
FN:80,readBoolArray
FNDA:0,readBoolArray
FN:84,readBytes
FNDA:0,readBytes
FN:88,readBytesArray
FNDA:0,readBytesArray
FN:92,readUintOr
FNDA:0,readUintOr
FN:96,readUintArrayOr
FNDA:0,readUintArrayOr
FN:104,readIntOr
FNDA:0,readIntOr
FN:108,readIntArrayOr
FNDA:0,readIntArrayOr
FN:116,readBytes32Or
FNDA:0,readBytes32Or
FN:124,readBytes32ArrayOr
FNDA:0,readBytes32ArrayOr
FN:132,readStringOr
FNDA:0,readStringOr
FN:140,readStringArrayOr
FNDA:0,readStringArrayOr
FN:148,readAddressOr
FNDA:0,readAddressOr
FN:156,readAddressArrayOr
FNDA:0,readAddressArrayOr
FN:164,readBoolOr
FNDA:0,readBoolOr
FN:168,readBoolArrayOr
FNDA:0,readBoolArrayOr
FN:176,readBytesOr
FNDA:0,readBytesOr
FN:184,readBytesArrayOr
FNDA:0,readBytesArrayOr
FN:192,serialize
FNDA:0,serialize
FN:196,serialize
FNDA:0,serialize
FN:200,serialize
FNDA:0,serialize
FN:207,serialize
FNDA:0,serialize
FN:211,serialize
FNDA:0,serialize
FN:218,serialize
FNDA:0,serialize
FN:222,serialize
FNDA:0,serialize
FN:229,serialize
FNDA:0,serialize
FN:233,serialize
FNDA:0,serialize
FN:240,serialize
FNDA:0,serialize
FN:244,serialize
FNDA:0,serialize
FN:251,serialize
FNDA:0,serialize
FN:255,serialize
FNDA:0,serialize
FN:262,serialize
FNDA:0,serialize
FN:269,serialize
FNDA:0,serialize
FN:276,write
FNDA:0,write
FN:280,write
FNDA:0,write
end_of_record
SF:/home/orakul/Projects/task/2025-05-hawk-high/lib/forge-std/src/StdMath.sol
DA:4,17
FN:7,abs
FNDA:0,abs
FN:16,delta
FNDA:0,delta
FN:20,delta
FNDA:0,delta
FN:31,percentDelta
FNDA:0,percentDelta
FN:37,percentDelta
FNDA:0,percentDelta
end_of_record
SF:/home/orakul/Projects/task/2025-05-hawk-high/lib/forge-std/src/StdStorage.sol
DA:24,27
DA:334,45
FN:31,sigs
FNDA:0,sigs
FN:35,getCallParams
FNDA:0,getCallParams
FN:44,callTarget
FNDA:0,callTarget
FN:55,checkSlotMutatesCall
FNDA:0,checkSlotMutatesCall
FN:71,findOffset
FNDA:0,findOffset
FN:85,findOffsets
FNDA:0,findOffsets
FN:96,find
FNDA:0,find
FN:106,find
FNDA:0,find
FN:171,target
FNDA:0,target
FN:176,sig
FNDA:0,sig
FN:181,sig
FNDA:0,sig
FN:186,with_calldata
FNDA:0,with_calldata
FN:191,with_key
FNDA:0,with_key
FN:196,with_key
FNDA:0,with_key
FN:201,with_key
FNDA:0,with_key
FN:206,enable_packed_slots
FNDA:0,enable_packed_slots
FN:211,depth
FNDA:0,depth
FN:216,read
FNDA:0,read
FN:224,read_bytes32
FNDA:0,read_bytes32
FN:228,read_bool
FNDA:0,read_bool
FN:235,read_address
FNDA:0,read_address
FN:239,read_uint
FNDA:0,read_uint
FN:243,read_int
FNDA:0,read_int
FN:247,parent
FNDA:0,parent
FN:261,root
FNDA:0,root
FN:282,bytesToBytes32
FNDA:0,bytesToBytes32
FN:292,flatten
FNDA:0,flatten
FN:305,clear
FNDA:0,clear
FN:316,getMaskByOffsets
FNDA:0,getMaskByOffsets
FN:325,getUpdatedSlotValue
FNDA:0,getUpdatedSlotValue
FN:337,sigs
FNDA:0,sigs
FN:341,find
FNDA:0,find
FN:345,find
FNDA:0,find
FN:349,target
FNDA:0,target
FN:353,sig
FNDA:0,sig
FN:357,sig
FNDA:0,sig
FN:361,with_key
FNDA:0,with_key
FN:365,with_key
FNDA:0,with_key
FN:369,with_key
FNDA:0,with_key
FN:373,with_calldata
FNDA:0,with_calldata
FN:377,enable_packed_slots
FNDA:0,enable_packed_slots
FN:381,depth
FNDA:0,depth
FN:385,clear
FNDA:0,clear
FN:389,checked_write
FNDA:0,checked_write
FN:393,checked_write
FNDA:0,checked_write
FN:397,checked_write_int
FNDA:0,checked_write_int
FN:401,checked_write
FNDA:0,checked_write
FN:410,checked_write
FNDA:0,checked_write
FN:446,read_bytes32
FNDA:0,read_bytes32
FN:450,read_bool
FNDA:0,read_bool
FN:454,read_address
FNDA:0,read_address
FN:458,read_uint
FNDA:0,read_uint
FN:462,read_int
FNDA:0,read_int
FN:466,parent
FNDA:0,parent
FN:470,root
FNDA:0,root
end_of_record
SF:/home/orakul/Projects/task/2025-05-hawk-high/lib/forge-std/src/StdStyle.sol
DA:6,34
FN:22,styleConcat
FNDA:0,styleConcat
FN:26,red
FNDA:0,red
FN:30,red
FNDA:0,red
FN:34,red
FNDA:0,red
FN:38,red
FNDA:0,red
FN:42,red
FNDA:0,red
FN:46,redBytes
FNDA:0,redBytes
FN:50,redBytes32
FNDA:0,redBytes32
FN:54,green
FNDA:0,green
FN:58,green
FNDA:0,green
FN:62,green
FNDA:0,green
FN:66,green
FNDA:0,green
FN:70,green
FNDA:0,green
FN:74,greenBytes
FNDA:0,greenBytes
FN:78,greenBytes32
FNDA:0,greenBytes32
FN:82,yellow
FNDA:0,yellow
FN:86,yellow
FNDA:0,yellow
FN:90,yellow
FNDA:0,yellow
FN:94,yellow
FNDA:0,yellow
FN:98,yellow
FNDA:0,yellow
FN:102,yellowBytes
FNDA:0,yellowBytes
FN:106,yellowBytes32
FNDA:0,yellowBytes32
FN:110,blue
FNDA:0,blue
FN:114,blue
FNDA:0,blue
FN:118,blue
FNDA:0,blue
FN:122,blue
FNDA:0,blue
FN:126,blue
FNDA:0,blue
FN:130,blueBytes
FNDA:0,blueBytes
FN:134,blueBytes32
FNDA:0,blueBytes32
FN:138,magenta
FNDA:0,magenta
FN:142,magenta
FNDA:0,magenta
FN:146,magenta
FNDA:0,magenta
FN:150,magenta
FNDA:0,magenta
FN:154,magenta
FNDA:0,magenta
FN:158,magentaBytes
FNDA:0,magentaBytes
FN:162,magentaBytes32
FNDA:0,magentaBytes32
FN:166,cyan
FNDA:0,cyan
FN:170,cyan
FNDA:0,cyan
FN:174,cyan
FNDA:0,cyan
FN:178,cyan
FNDA:0,cyan
FN:182,cyan
FNDA:0,cyan
FN:186,cyanBytes
FNDA:0,cyanBytes
FN:190,cyanBytes32
FNDA:0,cyanBytes32
FN:194,bold
FNDA:0,bold
FN:198,bold
FNDA:0,bold
FN:202,bold
FNDA:0,bold
FN:206,bold
FNDA:0,bold
FN:210,bold
FNDA:0,bold
FN:214,boldBytes
FNDA:0,boldBytes
FN:218,boldBytes32
FNDA:0,boldBytes32
FN:222,dim
FNDA:0,dim
FN:226,dim
FNDA:0,dim
FN:230,dim
FNDA:0,dim
FN:234,dim
FNDA:0,dim
FN:238,dim
FNDA:0,dim
FN:242,dimBytes
FNDA:0,dimBytes
FN:246,dimBytes32
FNDA:0,dimBytes32
FN:250,italic
FNDA:0,italic
FN:254,italic
FNDA:0,italic
FN:258,italic
FNDA:0,italic
FN:262,italic
FNDA:0,italic
FN:266,italic
FNDA:0,italic
FN:270,italicBytes
FNDA:0,italicBytes
FN:274,italicBytes32
FNDA:0,italicBytes32
FN:278,underline
FNDA:0,underline
FN:282,underline
FNDA:0,underline
FN:286,underline
FNDA:0,underline
FN:290,underline
FNDA:0,underline
FN:294,underline
FNDA:0,underline
FN:298,underlineBytes
FNDA:0,underlineBytes
FN:302,underlineBytes32
FNDA:0,underlineBytes32
FN:306,inverse
FNDA:0,inverse
FN:310,inverse
FNDA:0,inverse
FN:314,inverse
FNDA:0,inverse
FN:318,inverse
FNDA:0,inverse
FN:322,inverse
FNDA:0,inverse
FN:326,inverseBytes
FNDA:0,inverseBytes
FN:330,inverseBytes32
FNDA:0,inverseBytes32
end_of_record
SF:/home/orakul/Projects/task/2025-05-hawk-high/lib/forge-std/src/StdToml.sol
DA:25,17
FN:28,keyExists
FNDA:0,keyExists
FN:32,parseRaw
FNDA:0,parseRaw
FN:36,readUint
FNDA:0,readUint
FN:40,readUintArray
FNDA:0,readUintArray
FN:44,readInt
FNDA:0,readInt
FN:48,readIntArray
FNDA:0,readIntArray
FN:52,readBytes32
FNDA:0,readBytes32
FN:56,readBytes32Array
FNDA:0,readBytes32Array
FN:60,readString
FNDA:0,readString
FN:64,readStringArray
FNDA:0,readStringArray
FN:68,readAddress
FNDA:0,readAddress
FN:72,readAddressArray
FNDA:0,readAddressArray
FN:76,readBool
FNDA:0,readBool
FN:80,readBoolArray
FNDA:0,readBoolArray
FN:84,readBytes
FNDA:0,readBytes
FN:88,readBytesArray
FNDA:0,readBytesArray
FN:92,readUintOr
FNDA:0,readUintOr
FN:96,readUintArrayOr
FNDA:0,readUintArrayOr
FN:104,readIntOr
FNDA:0,readIntOr
FN:108,readIntArrayOr
FNDA:0,readIntArrayOr
FN:116,readBytes32Or
FNDA:0,readBytes32Or
FN:124,readBytes32ArrayOr
FNDA:0,readBytes32ArrayOr
FN:132,readStringOr
FNDA:0,readStringOr
FN:140,readStringArrayOr
FNDA:0,readStringArrayOr
FN:148,readAddressOr
FNDA:0,readAddressOr
FN:156,readAddressArrayOr
FNDA:0,readAddressArrayOr
FN:164,readBoolOr
FNDA:0,readBoolOr
FN:168,readBoolArrayOr
FNDA:0,readBoolArrayOr
FN:176,readBytesOr
FNDA:0,readBytesOr
FN:184,readBytesArrayOr
FNDA:0,readBytesArrayOr
FN:192,serialize
FNDA:0,serialize
FN:196,serialize
FNDA:0,serialize
FN:200,serialize
FNDA:0,serialize
FN:207,serialize
FNDA:0,serialize
FN:211,serialize
FNDA:0,serialize
FN:218,serialize
FNDA:0,serialize
FN:222,serialize
FNDA:0,serialize
FN:229,serialize
FNDA:0,serialize
FN:233,serialize
FNDA:0,serialize
FN:240,serialize
FNDA:0,serialize
FN:244,serialize
FNDA:0,serialize
FN:251,serialize
FNDA:0,serialize
FN:255,serialize
FNDA:0,serialize
FN:262,serialize
FNDA:0,serialize
FN:269,serialize
FNDA:0,serialize
FN:276,write
FNDA:0,write
FN:280,write
FNDA:0,write
end_of_record
SF:/home/orakul/Projects/task/2025-05-hawk-high/lib/forge-std/src/StdUtils.sol
FN:31,_bound
FNDA:0,_bound
FN:58,bound
FNDA:0,bound
FN:63,_bound
FNDA:0,_bound
FN:83,bound
FNDA:0,bound
FN:88,boundPrivateKey
FNDA:0,boundPrivateKey
FN:92,bytesToUint
FNDA:0,bytesToUint
FN:98,computeCreateAddress
FNDA:0,computeCreateAddress
FN:103,computeCreate2Address
FNDA:0,computeCreate2Address
FN:114,computeCreate2Address
FNDA:0,computeCreate2Address
FN:121,hashInitCode
FNDA:0,hashInitCode
FN:128,hashInitCode
FNDA:0,hashInitCode
FN:133,getTokenBalances
FNDA:0,getTokenBalances
FN:166,addressFromLast20Bytes
FNDA:0,addressFromLast20Bytes
FN:173,_castLogPayloadViewToPure
FNDA:0,_castLogPayloadViewToPure
FN:183,_sendLogPayload
FNDA:0,_sendLogPayload
FN:187,_sendLogPayloadView
FNDA:0,_sendLogPayloadView
FN:197,console2_log_StdUtils
FNDA:0,console2_log_StdUtils
FN:201,console2_log_StdUtils
FNDA:0,console2_log_StdUtils
FN:205,console2_log_StdUtils
FNDA:0,console2_log_StdUtils
end_of_record
SF:/home/orakul/Projects/task/2025-05-hawk-high/lib/forge-std/src/Test.sol
DA:33,0
end_of_record
SF:/home/orakul/Projects/task/2025-05-hawk-high/lib/forge-std/src/Vm.sol
end_of_record
SF:/home/orakul/Projects/task/2025-05-hawk-high/lib/forge-std/src/console.sol
DA:4,42
DA:6,0
DA:9,0
DA:14,0
DA:15,0
DA:16,0
DA:17,0
DA:18,0
DA:19,0
DA:27,0
DA:29,0
DA:34,0
DA:194,0
FN:8,_sendLogPayloadImplementation
FNDA:0,_sendLogPayloadImplementation
FN:25,_castToPure
FNDA:0,_castToPure
FN:33,_sendLogPayload
FNDA:0,_sendLogPayload
FN:37,log
FNDA:0,log
FN:41,logInt
FNDA:0,logInt
FN:45,logUint
FNDA:0,logUint
FN:49,logString
FNDA:0,logString
FN:53,logBool
FNDA:0,logBool
FN:57,logAddress
FNDA:0,logAddress
FN:61,logBytes
FNDA:0,logBytes
FN:65,logBytes1
FNDA:0,logBytes1
FN:69,logBytes2
FNDA:0,logBytes2
FN:73,logBytes3
FNDA:0,logBytes3
FN:77,logBytes4
FNDA:0,logBytes4
FN:81,logBytes5
FNDA:0,logBytes5
FN:85,logBytes6
FNDA:0,logBytes6
FN:89,logBytes7
FNDA:0,logBytes7
FN:93,logBytes8
FNDA:0,logBytes8
FN:97,logBytes9
FNDA:0,logBytes9
FN:101,logBytes10
FNDA:0,logBytes10
FN:105,logBytes11
FNDA:0,logBytes11
FN:109,logBytes12
FNDA:0,logBytes12
FN:113,logBytes13
FNDA:0,logBytes13
FN:117,logBytes14
FNDA:0,logBytes14
FN:121,logBytes15
FNDA:0,logBytes15
FN:125,logBytes16
FNDA:0,logBytes16
FN:129,logBytes17
FNDA:0,logBytes17
FN:133,logBytes18
FNDA:0,logBytes18
FN:137,logBytes19
FNDA:0,logBytes19
FN:141,logBytes20
FNDA:0,logBytes20
FN:145,logBytes21
FNDA:0,logBytes21
FN:149,logBytes22
FNDA:0,logBytes22
FN:153,logBytes23
FNDA:0,logBytes23
FN:157,logBytes24
FNDA:0,logBytes24
FN:161,logBytes25
FNDA:0,logBytes25
FN:165,logBytes26
FNDA:0,logBytes26
FN:169,logBytes27
FNDA:0,logBytes27
FN:173,logBytes28
FNDA:0,logBytes28
FN:177,logBytes29
FNDA:0,logBytes29
FN:181,logBytes30
FNDA:0,logBytes30
FN:185,logBytes31
FNDA:0,logBytes31
FN:189,logBytes32
FNDA:0,logBytes32
FN:193,log
FNDA:0,log
FN:197,log
FNDA:0,log
FN:201,log
FNDA:0,log
FN:205,log
FNDA:0,log
FN:209,log
FNDA:0,log
FN:213,log
FNDA:0,log
FN:217,log
FNDA:0,log
FN:221,log
FNDA:0,log
FN:225,log
FNDA:0,log
FN:229,log
FNDA:0,log
FN:233,log
FNDA:0,log
FN:237,log
FNDA:0,log
FN:241,log
FNDA:0,log
FN:245,log
FNDA:0,log
FN:249,log
FNDA:0,log
FN:253,log
FNDA:0,log
FN:257,log
FNDA:0,log
FN:261,log
FNDA:0,log
FN:265,log
FNDA:0,log
FN:269,log
FNDA:0,log
FN:273,log
FNDA:0,log
FN:277,log
FNDA:0,log
FN:281,log
FNDA:0,log
FN:285,log
FNDA:0,log
FN:289,log
FNDA:0,log
FN:293,log
FNDA:0,log
FN:297,log
FNDA:0,log
FN:301,log
FNDA:0,log
FN:305,log
FNDA:0,log
FN:309,log
FNDA:0,log
FN:313,log
FNDA:0,log
FN:317,log
FNDA:0,log
FN:321,log
FNDA:0,log
FN:325,log
FNDA:0,log
FN:329,log
FNDA:0,log
FN:333,log
FNDA:0,log
FN:337,log
FNDA:0,log
FN:341,log
FNDA:0,log
FN:345,log
FNDA:0,log
FN:349,log
FNDA:0,log
FN:353,log
FNDA:0,log
FN:357,log
FNDA:0,log
FN:361,log
FNDA:0,log
FN:365,log
FNDA:0,log
FN:369,log
FNDA:0,log
FN:373,log
FNDA:0,log
FN:377,log
FNDA:0,log
FN:381,log
FNDA:0,log
FN:385,log
FNDA:0,log
FN:389,log
FNDA:0,log
FN:393,log
FNDA:0,log
FN:397,log
FNDA:0,log
FN:401,log
FNDA:0,log
FN:405,log
FNDA:0,log
FN:409,log
FNDA:0,log
FN:413,log
FNDA:0,log
FN:417,log
FNDA:0,log
FN:421,log
FNDA:0,log
FN:425,log
FNDA:0,log
FN:429,log
FNDA:0,log
FN:433,log
FNDA:0,log
FN:437,log
FNDA:0,log
FN:441,log
FNDA:0,log
FN:445,log
FNDA:0,log
FN:449,log
FNDA:0,log
FN:453,log
FNDA:0,log
FN:457,log
FNDA:0,log
FN:461,log
FNDA:0,log
FN:465,log
FNDA:0,log
FN:469,log
FNDA:0,log
FN:473,log
FNDA:0,log
FN:477,log
FNDA:0,log
FN:481,log
FNDA:0,log
FN:485,log
FNDA:0,log
FN:489,log
FNDA:0,log
FN:493,log
FNDA:0,log
FN:497,log
FNDA:0,log
FN:501,log
FNDA:0,log
FN:505,log
FNDA:0,log
FN:509,log
FNDA:0,log
FN:513,log
FNDA:0,log
FN:517,log
FNDA:0,log
FN:521,log
FNDA:0,log
FN:525,log
FNDA:0,log
FN:529,log
FNDA:0,log
FN:533,log
FNDA:0,log
FN:537,log
FNDA:0,log
FN:541,log
FNDA:0,log
FN:545,log
FNDA:0,log
FN:549,log
FNDA:0,log
FN:553,log
FNDA:0,log
FN:557,log
FNDA:0,log
FN:561,log
FNDA:0,log
FN:565,log
FNDA:0,log
FN:569,log
FNDA:0,log
FN:573,log
FNDA:0,log
FN:577,log
FNDA:0,log
FN:581,log
FNDA:0,log
FN:585,log
FNDA:0,log
FN:589,log
FNDA:0,log
FN:593,log
FNDA:0,log
FN:597,log
FNDA:0,log
FN:601,log
FNDA:0,log
FN:605,log
FNDA:0,log
FN:609,log
FNDA:0,log
FN:613,log
FNDA:0,log
FN:617,log
FNDA:0,log
FN:621,log
FNDA:0,log
FN:625,log
FNDA:0,log
FN:629,log
FNDA:0,log
FN:633,log
FNDA:0,log
FN:637,log
FNDA:0,log
FN:641,log
FNDA:0,log
FN:645,log
FNDA:0,log
FN:649,log
FNDA:0,log
FN:653,log
FNDA:0,log
FN:657,log
FNDA:0,log
FN:661,log
FNDA:0,log
FN:665,log
FNDA:0,log
FN:669,log
FNDA:0,log
FN:673,log
FNDA:0,log
FN:677,log
FNDA:0,log
FN:681,log
FNDA:0,log
FN:685,log
FNDA:0,log
FN:689,log
FNDA:0,log
FN:693,log
FNDA:0,log
FN:697,log
FNDA:0,log
FN:701,log
FNDA:0,log
FN:705,log
FNDA:0,log
FN:709,log
FNDA:0,log
FN:713,log
FNDA:0,log
FN:717,log
FNDA:0,log
FN:721,log
FNDA:0,log
FN:725,log
FNDA:0,log
FN:729,log
FNDA:0,log
FN:733,log
FNDA:0,log
FN:737,log
FNDA:0,log
FN:741,log
FNDA:0,log
FN:745,log
FNDA:0,log
FN:749,log
FNDA:0,log
FN:753,log
FNDA:0,log
FN:757,log
FNDA:0,log
FN:761,log
FNDA:0,log
FN:765,log
FNDA:0,log
FN:769,log
FNDA:0,log
FN:773,log
FNDA:0,log
FN:777,log
FNDA:0,log
FN:781,log
FNDA:0,log
FN:785,log
FNDA:0,log
FN:789,log
FNDA:0,log
FN:793,log
FNDA:0,log
FN:797,log
FNDA:0,log
FN:801,log
FNDA:0,log
FN:805,log
FNDA:0,log
FN:809,log
FNDA:0,log
FN:813,log
FNDA:0,log
FN:817,log
FNDA:0,log
FN:821,log
FNDA:0,log
FN:825,log
FNDA:0,log
FN:829,log
FNDA:0,log
FN:833,log
FNDA:0,log
FN:837,log
FNDA:0,log
FN:841,log
FNDA:0,log
FN:845,log
FNDA:0,log
FN:849,log
FNDA:0,log
FN:853,log
FNDA:0,log
FN:857,log
FNDA:0,log
FN:861,log
FNDA:0,log
FN:865,log
FNDA:0,log
FN:869,log
FNDA:0,log
FN:873,log
FNDA:0,log
FN:877,log
FNDA:0,log
FN:881,log
FNDA:0,log
FN:885,log
FNDA:0,log
FN:889,log
FNDA:0,log
FN:893,log
FNDA:0,log
FN:897,log
FNDA:0,log
FN:901,log
FNDA:0,log
FN:905,log
FNDA:0,log
FN:909,log
FNDA:0,log
FN:913,log
FNDA:0,log
FN:917,log
FNDA:0,log
FN:921,log
FNDA:0,log
FN:925,log
FNDA:0,log
FN:929,log
FNDA:0,log
FN:933,log
FNDA:0,log
FN:937,log
FNDA:0,log
FN:941,log
FNDA:0,log
FN:945,log
FNDA:0,log
FN:949,log
FNDA:0,log
FN:953,log
FNDA:0,log
FN:957,log
FNDA:0,log
FN:961,log
FNDA:0,log
FN:965,log
FNDA:0,log
FN:969,log
FNDA:0,log
FN:973,log
FNDA:0,log
FN:977,log
FNDA:0,log
FN:981,log
FNDA:0,log
FN:985,log
FNDA:0,log
FN:989,log
FNDA:0,log
FN:993,log
FNDA:0,log
FN:997,log
FNDA:0,log
FN:1001,log
FNDA:0,log
FN:1005,log
FNDA:0,log
FN:1009,log
FNDA:0,log
FN:1013,log
FNDA:0,log
FN:1017,log
FNDA:0,log
FN:1021,log
FNDA:0,log
FN:1025,log
FNDA:0,log
FN:1029,log
FNDA:0,log
FN:1033,log
FNDA:0,log
FN:1037,log
FNDA:0,log
FN:1041,log
FNDA:0,log
FN:1045,log
FNDA:0,log
FN:1049,log
FNDA:0,log
FN:1053,log
FNDA:0,log
FN:1057,log
FNDA:0,log
FN:1061,log
FNDA:0,log
FN:1065,log
FNDA:0,log
FN:1069,log
FNDA:0,log
FN:1073,log
FNDA:0,log
FN:1077,log
FNDA:0,log
FN:1081,log
FNDA:0,log
FN:1085,log
FNDA:0,log
FN:1089,log
FNDA:0,log
FN:1093,log
FNDA:0,log
FN:1097,log
FNDA:0,log
FN:1101,log
FNDA:0,log
FN:1105,log
FNDA:0,log
FN:1109,log
FNDA:0,log
FN:1113,log
FNDA:0,log
FN:1117,log
FNDA:0,log
FN:1121,log
FNDA:0,log
FN:1125,log
FNDA:0,log
FN:1129,log
FNDA:0,log
FN:1133,log
FNDA:0,log
FN:1137,log
FNDA:0,log
FN:1141,log
FNDA:0,log
FN:1145,log
FNDA:0,log
FN:1149,log
FNDA:0,log
FN:1153,log
FNDA:0,log
FN:1157,log
FNDA:0,log
FN:1161,log
FNDA:0,log
FN:1165,log
FNDA:0,log
FN:1169,log
FNDA:0,log
FN:1173,log
FNDA:0,log
FN:1177,log
FNDA:0,log
FN:1181,log
FNDA:0,log
FN:1185,log
FNDA:0,log
FN:1189,log
FNDA:0,log
FN:1193,log
FNDA:0,log
FN:1197,log
FNDA:0,log
FN:1201,log
FNDA:0,log
FN:1205,log
FNDA:0,log
FN:1209,log
FNDA:0,log
FN:1213,log
FNDA:0,log
FN:1217,log
FNDA:0,log
FN:1221,log
FNDA:0,log
FN:1225,log
FNDA:0,log
FN:1229,log
FNDA:0,log
FN:1233,log
FNDA:0,log
FN:1237,log
FNDA:0,log
FN:1241,log
FNDA:0,log
FN:1245,log
FNDA:0,log
FN:1249,log
FNDA:0,log
FN:1253,log
FNDA:0,log
FN:1257,log
FNDA:0,log
FN:1261,log
FNDA:0,log
FN:1265,log
FNDA:0,log
FN:1269,log
FNDA:0,log
FN:1273,log
FNDA:0,log
FN:1277,log
FNDA:0,log
FN:1281,log
FNDA:0,log
FN:1285,log
FNDA:0,log
FN:1289,log
FNDA:0,log
FN:1293,log
FNDA:0,log
FN:1297,log
FNDA:0,log
FN:1301,log
FNDA:0,log
FN:1305,log
FNDA:0,log
FN:1309,log
FNDA:0,log
FN:1313,log
FNDA:0,log
FN:1317,log
FNDA:0,log
FN:1321,log
FNDA:0,log
FN:1325,log
FNDA:0,log
FN:1329,log
FNDA:0,log
FN:1333,log
FNDA:0,log
FN:1337,log
FNDA:0,log
FN:1341,log
FNDA:0,log
FN:1345,log
FNDA:0,log
FN:1349,log
FNDA:0,log
FN:1353,log
FNDA:0,log
FN:1357,log
FNDA:0,log
FN:1361,log
FNDA:0,log
FN:1365,log
FNDA:0,log
FN:1369,log
FNDA:0,log
FN:1373,log
FNDA:0,log
FN:1377,log
FNDA:0,log
FN:1381,log
FNDA:0,log
FN:1385,log
FNDA:0,log
FN:1389,log
FNDA:0,log
FN:1393,log
FNDA:0,log
FN:1397,log
FNDA:0,log
FN:1401,log
FNDA:0,log
FN:1405,log
FNDA:0,log
FN:1409,log
FNDA:0,log
FN:1413,log
FNDA:0,log
FN:1417,log
FNDA:0,log
FN:1421,log
FNDA:0,log
FN:1425,log
FNDA:0,log
FN:1429,log
FNDA:0,log
FN:1433,log
FNDA:0,log
FN:1437,log
FNDA:0,log
FN:1441,log
FNDA:0,log
FN:1445,log
FNDA:0,log
FN:1449,log
FNDA:0,log
FN:1453,log
FNDA:0,log
FN:1457,log
FNDA:0,log
FN:1461,log
FNDA:0,log
FN:1465,log
FNDA:0,log
FN:1469,log
FNDA:0,log
FN:1473,log
FNDA:0,log
FN:1477,log
FNDA:0,log
FN:1481,log
FNDA:0,log
FN:1485,log
FNDA:0,log
FN:1489,log
FNDA:0,log
FN:1493,log
FNDA:0,log
FN:1497,log
FNDA:0,log
FN:1501,log
FNDA:0,log
FN:1505,log
FNDA:0,log
FN:1509,log
FNDA:0,log
FN:1513,log
FNDA:0,log
FN:1517,log
FNDA:0,log
FN:1521,log
FNDA:0,log
FN:1525,log
FNDA:0,log
FN:1529,log
FNDA:0,log
FN:1533,log
FNDA:0,log
FN:1537,log
FNDA:0,log
FN:1541,log
FNDA:0,log
FN:1545,log
FNDA:0,log
FN:1549,log
FNDA:0,log
FN:1553,log
FNDA:0,log
FN:1557,log
FNDA:0,log
end_of_record
SF:/home/orakul/Projects/task/2025-05-hawk-high/lib/forge-std/src/console2.sol
end_of_record
SF:/home/orakul/Projects/task/2025-05-hawk-high/lib/forge-std/src/interfaces/IMulticall3.sol
end_of_record
SF:/home/orakul/Projects/task/2025-05-hawk-high/lib/forge-std/src/safeconsole.sol
DA:6,52
FN:11,_sendLogPayload
FNDA:0,_sendLogPayload
FN:21,_sendLogPayloadView
FNDA:0,_sendLogPayloadView
FN:28,_memcopy
FNDA:0,_memcopy
FN:38,_memcopyView
FNDA:0,_memcopyView
FN:45,logMemory
FNDA:0,logMemory
FN:99,log
FNDA:0,log
FN:118,log
FNDA:0,log
FN:137,log
FNDA:0,log
FN:156,log
FNDA:0,log
FN:189,log
FNDA:0,log
FN:212,log
FNDA:0,log
FN:235,log
FNDA:0,log
FN:258,log
FNDA:0,log
FN:295,log
FNDA:0,log
FN:318,log
FNDA:0,log
FN:341,log
FNDA:0,log
FN:364,log
FNDA:0,log
FN:401,log
FNDA:0,log
FN:424,log
FNDA:0,log
FN:447,log
FNDA:0,log
FN:470,log
FNDA:0,log
FN:507,log
FNDA:0,log
FN:544,log
FNDA:0,log
FN:581,log
FNDA:0,log
FN:618,log
FNDA:0,log
FN:662,log
FNDA:0,log
FN:689,log
FNDA:0,log
FN:716,log
FNDA:0,log
FN:743,log
FNDA:0,log
FN:784,log
FNDA:0,log
FN:811,log
FNDA:0,log
FN:838,log
FNDA:0,log
FN:865,log
FNDA:0,log
FN:906,log
FNDA:0,log
FN:933,log
FNDA:0,log
FN:960,log
FNDA:0,log
FN:987,log
FNDA:0,log
FN:1028,log
FNDA:0,log
FN:1069,log
FNDA:0,log
FN:1110,log
FNDA:0,log
FN:1151,log
FNDA:0,log
FN:1199,log
FNDA:0,log
FN:1226,log
FNDA:0,log
FN:1253,log
FNDA:0,log
FN:1280,log
FNDA:0,log
FN:1321,log
FNDA:0,log
FN:1348,log
FNDA:0,log
FN:1375,log
FNDA:0,log
FN:1402,log
FNDA:0,log
FN:1443,log
FNDA:0,log
FN:1470,log
FNDA:0,log
FN:1497,log
FNDA:0,log
FN:1524,log
FNDA:0,log
FN:1565,log
FNDA:0,log
FN:1606,log
FNDA:0,log
FN:1647,log
FNDA:0,log
FN:1688,log
FNDA:0,log
FN:1736,log
FNDA:0,log
FN:1763,log
FNDA:0,log
FN:1790,log
FNDA:0,log
FN:1817,log
FNDA:0,log
FN:1858,log
FNDA:0,log
FN:1885,log
FNDA:0,log
FN:1912,log
FNDA:0,log
FN:1939,log
FNDA:0,log
FN:1980,log
FNDA:0,log
FN:2007,log
FNDA:0,log
FN:2034,log
FNDA:0,log
FN:2061,log
FNDA:0,log
FN:2102,log
FNDA:0,log
FN:2143,log
FNDA:0,log
FN:2184,log
FNDA:0,log
FN:2225,log
FNDA:0,log
FN:2273,log
FNDA:0,log
FN:2314,log
FNDA:0,log
FN:2355,log
FNDA:0,log
FN:2396,log
FNDA:0,log
FN:2444,log
FNDA:0,log
FN:2485,log
FNDA:0,log
FN:2526,log
FNDA:0,log
FN:2567,log
FNDA:0,log
FN:2615,log
FNDA:0,log
FN:2656,log
FNDA:0,log
FN:2697,log
FNDA:0,log
FN:2738,log
FNDA:0,log
FN:2786,log
FNDA:0,log
FN:2834,log
FNDA:0,log
FN:2882,log
FNDA:0,log
FN:2930,log
FNDA:0,log
FN:2985,log
FNDA:0,log
FN:3016,log
FNDA:0,log
FN:3047,log
FNDA:0,log
FN:3078,log
FNDA:0,log
FN:3123,log
FNDA:0,log
FN:3154,log
FNDA:0,log
FN:3185,log
FNDA:0,log
FN:3216,log
FNDA:0,log
FN:3261,log
FNDA:0,log
FN:3292,log
FNDA:0,log
FN:3323,log
FNDA:0,log
FN:3354,log
FNDA:0,log
FN:3399,log
FNDA:0,log
FN:3444,log
FNDA:0,log
FN:3489,log
FNDA:0,log
FN:3534,log
FNDA:0,log
FN:3586,log
FNDA:0,log
FN:3617,log
FNDA:0,log
FN:3648,log
FNDA:0,log
FN:3679,log
FNDA:0,log
FN:3724,log
FNDA:0,log
FN:3755,log
FNDA:0,log
FN:3786,log
FNDA:0,log
FN:3817,log
FNDA:0,log
FN:3862,log
FNDA:0,log
FN:3893,log
FNDA:0,log
FN:3924,log
FNDA:0,log
FN:3955,log
FNDA:0,log
FN:4000,log
FNDA:0,log
FN:4045,log
FNDA:0,log
FN:4090,log
FNDA:0,log
FN:4135,log
FNDA:0,log
FN:4187,log
FNDA:0,log
FN:4218,log
FNDA:0,log
FN:4249,log
FNDA:0,log
FN:4280,log
FNDA:0,log
FN:4325,log
FNDA:0,log
FN:4356,log
FNDA:0,log
FN:4387,log
FNDA:0,log
FN:4418,log
FNDA:0,log
FN:4463,log
FNDA:0,log
FN:4494,log
FNDA:0,log
FN:4525,log
FNDA:0,log
FN:4556,log
FNDA:0,log
FN:4601,log
FNDA:0,log
FN:4646,log
FNDA:0,log
FN:4691,log
FNDA:0,log
FN:4736,log
FNDA:0,log
FN:4788,log
FNDA:0,log
FN:4833,log
FNDA:0,log
FN:4878,log
FNDA:0,log
FN:4923,log
FNDA:0,log
FN:4975,log
FNDA:0,log
FN:5020,log
FNDA:0,log
FN:5065,log
FNDA:0,log
FN:5110,log
FNDA:0,log
FN:5162,log
FNDA:0,log
FN:5207,log
FNDA:0,log
FN:5252,log
FNDA:0,log
FN:5297,log
FNDA:0,log
FN:5349,log
FNDA:0,log
FN:5401,log
FNDA:0,log
FN:5453,log
FNDA:0,log
FN:5505,log
FNDA:0,log
FN:5564,log
FNDA:0,log
FN:5595,log
FNDA:0,log
FN:5626,log
FNDA:0,log
FN:5657,log
FNDA:0,log
FN:5702,log
FNDA:0,log
FN:5733,log
FNDA:0,log
FN:5764,log
FNDA:0,log
FN:5795,log
FNDA:0,log
FN:5840,log
FNDA:0,log
FN:5871,log
FNDA:0,log
FN:5902,log
FNDA:0,log
FN:5933,log
FNDA:0,log
FN:5978,log
FNDA:0,log
FN:6023,log
FNDA:0,log
FN:6068,log
FNDA:0,log
FN:6113,log
FNDA:0,log
FN:6165,log
FNDA:0,log
FN:6196,log
FNDA:0,log
FN:6227,log
FNDA:0,log
FN:6258,log
FNDA:0,log
FN:6303,log
FNDA:0,log
FN:6334,log
FNDA:0,log
FN:6365,log
FNDA:0,log
FN:6396,log
FNDA:0,log
FN:6441,log
FNDA:0,log
FN:6472,log
FNDA:0,log
FN:6503,log
FNDA:0,log
FN:6534,log
FNDA:0,log
FN:6579,log
FNDA:0,log
FN:6624,log
FNDA:0,log
FN:6669,log
FNDA:0,log
FN:6714,log
FNDA:0,log
FN:6766,log
FNDA:0,log
FN:6797,log
FNDA:0,log
FN:6828,log
FNDA:0,log
FN:6859,log
FNDA:0,log
FN:6904,log
FNDA:0,log
FN:6935,log
FNDA:0,log
FN:6966,log
FNDA:0,log
FN:6997,log
FNDA:0,log
FN:7042,log
FNDA:0,log
FN:7073,log
FNDA:0,log
FN:7104,log
FNDA:0,log
FN:7135,log
FNDA:0,log
FN:7180,log
FNDA:0,log
FN:7225,log
FNDA:0,log
FN:7270,log
FNDA:0,log
FN:7315,log
FNDA:0,log
FN:7367,log
FNDA:0,log
FN:7412,log
FNDA:0,log
FN:7457,log
FNDA:0,log
FN:7502,log
FNDA:0,log
FN:7554,log
FNDA:0,log
FN:7599,log
FNDA:0,log
FN:7644,log
FNDA:0,log
FN:7689,log
FNDA:0,log
FN:7741,log
FNDA:0,log
FN:7786,log
FNDA:0,log
FN:7831,log
FNDA:0,log
FN:7876,log
FNDA:0,log
FN:7928,log
FNDA:0,log
FN:7980,log
FNDA:0,log
FN:8032,log
FNDA:0,log
FN:8084,log
FNDA:0,log
FN:8143,log
FNDA:0,log
FN:8174,log
FNDA:0,log
FN:8205,log
FNDA:0,log
FN:8236,log
FNDA:0,log
FN:8281,log
FNDA:0,log
FN:8312,log
FNDA:0,log
FN:8343,log
FNDA:0,log
FN:8374,log
FNDA:0,log
FN:8419,log
FNDA:0,log
FN:8450,log
FNDA:0,log
FN:8481,log
FNDA:0,log
FN:8512,log
FNDA:0,log
FN:8557,log
FNDA:0,log
FN:8602,log
FNDA:0,log
FN:8647,log
FNDA:0,log
FN:8692,log
FNDA:0,log
FN:8744,log
FNDA:0,log
FN:8775,log
FNDA:0,log
FN:8806,log
FNDA:0,log
FN:8837,log
FNDA:0,log
FN:8882,log
FNDA:0,log
FN:8913,log
FNDA:0,log
FN:8944,log
FNDA:0,log
FN:8975,log
FNDA:0,log
FN:9020,log
FNDA:0,log
FN:9051,log
FNDA:0,log
FN:9082,log
FNDA:0,log
FN:9113,log
FNDA:0,log
FN:9158,log
FNDA:0,log
FN:9203,log
FNDA:0,log
FN:9248,log
FNDA:0,log
FN:9293,log
FNDA:0,log
FN:9345,log
FNDA:0,log
FN:9376,log
FNDA:0,log
FN:9407,log
FNDA:0,log
FN:9438,log
FNDA:0,log
FN:9483,log
FNDA:0,log
FN:9514,log
FNDA:0,log
FN:9545,log
FNDA:0,log
FN:9576,log
FNDA:0,log
FN:9621,log
FNDA:0,log
FN:9652,log
FNDA:0,log
FN:9683,log
FNDA:0,log
FN:9714,log
FNDA:0,log
FN:9759,log
FNDA:0,log
FN:9804,log
FNDA:0,log
FN:9849,log
FNDA:0,log
FN:9894,log
FNDA:0,log
FN:9946,log
FNDA:0,log
FN:9991,log
FNDA:0,log
FN:10036,log
FNDA:0,log
FN:10081,log
FNDA:0,log
FN:10133,log
FNDA:0,log
FN:10178,log
FNDA:0,log
FN:10223,log
FNDA:0,log
FN:10268,log
FNDA:0,log
FN:10320,log
FNDA:0,log
FN:10365,log
FNDA:0,log
FN:10410,log
FNDA:0,log
FN:10455,log
FNDA:0,log
FN:10507,log
FNDA:0,log
FN:10559,log
FNDA:0,log
FN:10611,log
FNDA:0,log
FN:10663,log
FNDA:0,log
FN:10722,log
FNDA:0,log
FN:10767,log
FNDA:0,log
FN:10812,log
FNDA:0,log
FN:10857,log
FNDA:0,log
FN:10909,log
FNDA:0,log
FN:10954,log
FNDA:0,log
FN:10999,log
FNDA:0,log
FN:11044,log
FNDA:0,log
FN:11096,log
FNDA:0,log
FN:11141,log
FNDA:0,log
FN:11186,log
FNDA:0,log
FN:11231,log
FNDA:0,log
FN:11283,log
FNDA:0,log
FN:11335,log
FNDA:0,log
FN:11387,log
FNDA:0,log
FN:11439,log
FNDA:0,log
FN:11498,log
FNDA:0,log
FN:11543,log
FNDA:0,log
FN:11588,log
FNDA:0,log
FN:11633,log
FNDA:0,log
FN:11685,log
FNDA:0,log
FN:11730,log
FNDA:0,log
FN:11775,log
FNDA:0,log
FN:11820,log
FNDA:0,log
FN:11872,log
FNDA:0,log
FN:11917,log
FNDA:0,log
FN:11962,log
FNDA:0,log
FN:12007,log
FNDA:0,log
FN:12059,log
FNDA:0,log
FN:12111,log
FNDA:0,log
FN:12163,log
FNDA:0,log
FN:12215,log
FNDA:0,log
FN:12274,log
FNDA:0,log
FN:12319,log
FNDA:0,log
FN:12364,log
FNDA:0,log
FN:12409,log
FNDA:0,log
FN:12461,log
FNDA:0,log
FN:12506,log
FNDA:0,log
FN:12551,log
FNDA:0,log
FN:12596,log
FNDA:0,log
FN:12648,log
FNDA:0,log
FN:12693,log
FNDA:0,log
FN:12738,log
FNDA:0,log
FN:12783,log
FNDA:0,log
FN:12835,log
FNDA:0,log
FN:12887,log
FNDA:0,log
FN:12939,log
FNDA:0,log
FN:12991,log
FNDA:0,log
FN:13050,log
FNDA:0,log
FN:13102,log
FNDA:0,log
FN:13154,log
FNDA:0,log
FN:13206,log
FNDA:0,log
FN:13265,log
FNDA:0,log
FN:13317,log
FNDA:0,log
FN:13369,log
FNDA:0,log
FN:13421,log
FNDA:0,log
FN:13480,log
FNDA:0,log
FN:13532,log
FNDA:0,log
FN:13584,log
FNDA:0,log
FN:13636,log
FNDA:0,log
FN:13695,log
FNDA:0,log
FN:13754,log
FNDA:0,log
FN:13813,log
FNDA:0,log
FN:13872,log
FNDA:0,log
end_of_record
SF:/home/orakul/Projects/task/2025-05-hawk-high/lib/foundry-devops/src/DevOpsTools.sol
DA:11,1
DA:15,0
DA:17,0
DA:19,0
DA:20,0
DA:27,0
DA:28,0
DA:29,0
DA:31,0
DA:32,0
DA:33,0
DA:34,0
DA:36,0
DA:37,0
DA:39,0
DA:40,0
DA:43,0
DA:44,0
DA:46,0
DA:47,0
DA:49,0
DA:50,0
DA:52,0
DA:54,0
DA:55,0
DA:59,0
DA:60,0
DA:66,0
DA:67,0
DA:70,0
DA:71,0
DA:75,0
DA:84,0
DA:86,0
DA:87,0
DA:88,0
DA:89,0
DA:90,0
DA:92,0
DA:97,0
DA:100,0
DA:102,0
DA:103,0
DA:104,0
DA:105,0
DA:108,0
FN:19,get_most_recent_deployment
FNDA:0,get_most_recent_deployment
FN:23,get_most_recent_deployment
FNDA:0,get_most_recent_deployment
FN:81,processRun
FNDA:0,processRun
FN:100,normalizePath
FNDA:0,normalizePath
end_of_record
SF:/home/orakul/Projects/task/2025-05-hawk-high/lib/foundry-devops/src/StringUtils.sol
DA:5,20
DA:6,0
DA:7,0
DA:10,0
DA:11,0
DA:12,0
DA:13,0
DA:14,0
DA:17,0
DA:18,0
DA:19,0
DA:20,0
DA:21,0
DA:22,0
DA:25,0
DA:27,0
FN:6,isEqualTo
FNDA:0,isEqualTo
FN:10,contains
FNDA:0,contains
end_of_record
SF:/home/orakul/Projects/task/2025-05-hawk-high/lib/openzeppelin-contracts-upgradeable/contracts/proxy/utils/Initializable.sol
DA:77,1081
DA:106,1080
DA:109,1080
DA:110,1080
DA:117,1080
DA:118,1080
DA:120,1080
DA:121,1079
DA:123,1
DA:124,1
DA:125,1
DA:128,1
DA:129,1
DA:130,1
DA:154,0
DA:156,0
DA:157,0
DA:159,0
DA:160,0
DA:162,0
DA:163,0
DA:171,1
DA:179,1
DA:180,0
DA:215,1
DA:216,1
DA:224,1081
DA:225,1081
DA:232,1081
DA:233,1081
DA:235,1081
FN:178,_checkInitializing
FNDA:1,_checkInitializing
FN:192,_disableInitializers
FNDA:0,_disableInitializers
FN:208,_getInitializedVersion
FNDA:0,_getInitializedVersion
FN:215,_isInitializing
FNDA:1,_isInitializing
FN:224,_initializableStorageSlot
FNDA:1,_initializableStorageSlot
FN:232,_getInitializableStorage
FNDA:1,_getInitializableStorage
end_of_record
SF:/home/orakul/Projects/task/2025-05-hawk-high/lib/openzeppelin-contracts-upgradeable/contracts/proxy/utils/UUPSUpgradeable.sol
DA:22,1
DA:32,0
DA:52,731
DA:61,38
DA:65,1
DA:78,38
DA:79,37
DA:93,731
DA:94,731
DA:103,731
DA:104,731
DA:106,0
DA:115,38
DA:117,1
DA:142,731
DA:143,37
DA:144,0
DA:146,37
DA:149,673
FN:65,__UUPSUpgradeable_init
FNDA:1,__UUPSUpgradeable_init
FN:68,__UUPSUpgradeable_init_unchained
FNDA:0,__UUPSUpgradeable_init_unchained
FN:78,proxiableUUID
FNDA:1,proxiableUUID
FN:92,upgradeToAndCall
FNDA:1,upgradeToAndCall
FN:101,_checkProxy
FNDA:1,_checkProxy
FN:114,_checkNotDelegated
FNDA:1,_checkNotDelegated
FN:131,_authorizeUpgrade
FNDA:0,_authorizeUpgrade
FN:141,_upgradeToAndCallUUPS
FNDA:1,_upgradeToAndCallUUPS
end_of_record
SF:/home/orakul/Projects/task/2025-05-hawk-high/lib/openzeppelin-contracts/contracts/interfaces/IERC1363.sol
end_of_record
SF:/home/orakul/Projects/task/2025-05-hawk-high/lib/openzeppelin-contracts/contracts/interfaces/IERC165.sol
end_of_record
SF:/home/orakul/Projects/task/2025-05-hawk-high/lib/openzeppelin-contracts/contracts/interfaces/IERC1967.sol
end_of_record
SF:/home/orakul/Projects/task/2025-05-hawk-high/lib/openzeppelin-contracts/contracts/interfaces/IERC20.sol
end_of_record
SF:/home/orakul/Projects/task/2025-05-hawk-high/lib/openzeppelin-contracts/contracts/interfaces/draft-IERC1822.sol
end_of_record
SF:/home/orakul/Projects/task/2025-05-hawk-high/lib/openzeppelin-contracts/contracts/interfaces/draft-IERC6093.sol
end_of_record
SF:/home/orakul/Projects/task/2025-05-hawk-high/lib/openzeppelin-contracts/contracts/proxy/ERC1967/ERC1967Proxy.sol
DA:27,1
DA:37,6020073
DA:38,6020073
FN:37,_implementation
FNDA:1,_implementation
end_of_record
SF:/home/orakul/Projects/task/2025-05-hawk-high/lib/openzeppelin-contracts/contracts/proxy/ERC1967/ERC1967Utils.sol
DA:15,111
DA:21,6020073
DA:46,6020073
DA:47,6020073
DA:54,37
DA:55,0
DA:57,37
DA:68,37
DA:69,37
DA:71,37
DA:72,37
DA:74,0
DA:173,0
DA:174,0
FN:46,getImplementation
FNDA:1,getImplementation
FN:53,_setImplementation
FNDA:1,_setImplementation
FN:67,upgradeToAndCall
FNDA:1,upgradeToAndCall
FN:92,getAdmin
FNDA:0,getAdmin
FN:99,_setAdmin
FNDA:0,_setAdmin
FN:111,changeAdmin
FNDA:0,changeAdmin
FN:126,getBeacon
FNDA:0,getBeacon
FN:133,_setBeacon
FNDA:0,_setBeacon
FN:157,upgradeBeaconToAndCall
FNDA:0,upgradeBeaconToAndCall
FN:172,_checkNonPayable
FNDA:0,_checkNonPayable
end_of_record
SF:/home/orakul/Projects/task/2025-05-hawk-high/lib/openzeppelin-contracts/contracts/proxy/Proxy.sol
DA:27,6020073
DA:31,6020073
DA:34,6020073
DA:36,6020073
DA:38,6020073
DA:39,3091
DA:42,6016982
DA:59,6020073
DA:67,6020073
FN:22,_delegate
FNDA:1,_delegate
FN:51,_implementation
FNDA:0,_implementation
FN:58,_fallback
FNDA:1,_fallback
end_of_record
SF:/home/orakul/Projects/task/2025-05-hawk-high/lib/openzeppelin-contracts/contracts/proxy/beacon/IBeacon.sol
end_of_record
SF:/home/orakul/Projects/task/2025-05-hawk-high/lib/openzeppelin-contracts/contracts/token/ERC20/ERC20.sol
DA:45,1
DA:46,1
DA:52,0
DA:53,0
DA:60,0
DA:61,0
DA:77,0
DA:78,0
DA:82,0
DA:83,0
DA:87,1001310
DA:88,1001310
DA:99,1000437
DA:100,1000437
DA:101,1000437
DA:102,1000437
DA:106,999991
DA:107,999991
DA:120,999995
DA:121,999995
DA:122,999995
DA:123,999995
DA:142,999991
DA:143,999991
DA:144,999991
DA:145,999991
DA:146,999991
DA:160,2000428
DA:161,0
DA:163,2000428
DA:164,0
DA:166,2000428
DA:177,3001020
DA:179,1000592
DA:181,2000428
DA:182,2000428
DA:183,0
DA:187,2000428
DA:191,3000423
DA:194,0
DA:199,3000423
DA:203,3000423
DA:215,1000592
DA:216,0
DA:218,1000592
DA:252,999995
DA:274,999995
DA:275,0
DA:277,999995
DA:278,0
DA:280,999995
DA:281,999995
DA:282,999995
DA:295,999991
DA:296,999991
DA:297,0
DA:298,0
DA:301,0
FN:52,name
FNDA:0,name
FN:60,symbol
FNDA:0,symbol
FN:77,decimals
FNDA:0,decimals
FN:82,totalSupply
FNDA:0,totalSupply
FN:87,balanceOf
FNDA:1,balanceOf
FN:99,transfer
FNDA:1,transfer
FN:106,allowance
FNDA:1,allowance
FN:120,approve
FNDA:1,approve
FN:142,transferFrom
FNDA:1,transferFrom
FN:159,_transfer
FNDA:1,_transfer
FN:176,_update
FNDA:1,_update
FN:214,_mint
FNDA:1,_mint
FN:229,_burn
FNDA:0,_burn
FN:251,_approve
FNDA:1,_approve
FN:273,_approve
FNDA:1,_approve
FN:294,_spendAllowance
FNDA:1,_spendAllowance
end_of_record
SF:/home/orakul/Projects/task/2025-05-hawk-high/lib/openzeppelin-contracts/contracts/token/ERC20/IERC20.sol
end_of_record
SF:/home/orakul/Projects/task/2025-05-hawk-high/lib/openzeppelin-contracts/contracts/token/ERC20/extensions/IERC20Metadata.sol
end_of_record
SF:/home/orakul/Projects/task/2025-05-hawk-high/lib/openzeppelin-contracts/contracts/token/ERC20/utils/SafeERC20.sol
DA:18,81
DA:34,1000437
DA:42,999991
DA:174,2000428
DA:175,2000428
DA:177,2000428
DA:179,2000428
DA:180,0
DA:181,0
DA:182,0
DA:184,2000428
DA:185,2000428
DA:188,2000428
DA:189,0
FN:33,safeTransfer
FNDA:1,safeTransfer
FN:41,safeTransferFrom
FNDA:1,safeTransferFrom
FN:48,trySafeTransfer
FNDA:0,trySafeTransfer
FN:55,trySafeTransferFrom
FNDA:0,trySafeTransferFrom
FN:68,safeIncreaseAllowance
FNDA:0,safeIncreaseAllowance
FN:82,safeDecreaseAllowance
FNDA:0,safeDecreaseAllowance
FN:101,forceApprove
FNDA:0,forceApprove
FN:117,transferAndCallRelaxed
FNDA:0,transferAndCallRelaxed
FN:132,transferFromAndCallRelaxed
FNDA:0,transferFromAndCallRelaxed
FN:157,approveAndCallRelaxed
FNDA:0,approveAndCallRelaxed
FN:173,_callOptionalReturn
FNDA:1,_callOptionalReturn
FN:201,_callOptionalReturnBool
FNDA:0,_callOptionalReturnBool
end_of_record
SF:/home/orakul/Projects/task/2025-05-hawk-high/lib/openzeppelin-contracts/contracts/utils/Address.sol
DA:11,30
DA:96,37
DA:97,37
DA:98,37
DA:110,37
DA:111,37
DA:112,37
DA:116,1
DA:117,0
DA:119,1
DA:140,37
DA:143,0
DA:146,37
FN:33,sendValue
FNDA:0,sendValue
FN:62,functionCall
FNDA:0,functionCall
FN:75,functionCallWithValue
FNDA:0,functionCallWithValue
FN:87,functionStaticCall
FNDA:0,functionStaticCall
FN:96,functionDelegateCall
FNDA:1,functionDelegateCall
FN:106,verifyCallResultFromTarget
FNDA:1,verifyCallResultFromTarget
FN:127,verifyCallResult
FNDA:0,verifyCallResult
FN:138,_revert
FNDA:1,_revert
end_of_record
SF:/home/orakul/Projects/task/2025-05-hawk-high/lib/openzeppelin-contracts/contracts/utils/Context.sol
DA:17,3000423
DA:18,3000423
FN:17,_msgSender
FNDA:1,_msgSender
FN:21,_msgData
FNDA:0,_msgData
FN:25,_contextSuffixLength
FNDA:0,_contextSuffixLength
end_of_record
SF:/home/orakul/Projects/task/2025-05-hawk-high/lib/openzeppelin-contracts/contracts/utils/Errors.sol
DA:14,17
end_of_record
SF:/home/orakul/Projects/task/2025-05-hawk-high/lib/openzeppelin-contracts/contracts/utils/StorageSlot.sol
DA:34,17
DA:66,6020073
DA:68,6020073
FN:66,getAddressSlot
FNDA:1,getAddressSlot
FN:75,getBooleanSlot
FNDA:0,getBooleanSlot
FN:84,getBytes32Slot
FNDA:0,getBytes32Slot
FN:93,getUint256Slot
FNDA:0,getUint256Slot
FN:102,getInt256Slot
FNDA:0,getInt256Slot
FN:111,getStringSlot
FNDA:0,getStringSlot
FN:120,getStringSlot
FNDA:0,getStringSlot
FN:129,getBytesSlot
FNDA:0,getBytesSlot
FN:138,getBytesSlot
FNDA:0,getBytesSlot
end_of_record
SF:/home/orakul/Projects/task/2025-05-hawk-high/lib/openzeppelin-contracts/contracts/utils/introspection/IERC165.sol
end_of_record
SF:/home/orakul/Projects/task/2025-05-hawk-high/script/DeployLevelOne.s.sol
DA:10,0
DA:11,0
DA:13,0
DA:14,0
DA:16,0
DA:17,0
DA:21,0
DA:22,0
DA:24,0
DA:25,0
DA:26,0
DA:27,0
DA:28,0
DA:30,0
DA:33,0
DA:34,0
DA:37,0
DA:38,0
DA:41,0
DA:42,0
DA:45,0
DA:46,0
DA:49,0
DA:50,0
FN:16,run
FNDA:0,run
FN:21,deployLevelOne
FNDA:0,deployLevelOne
FN:33,getProxyAddress
FNDA:0,getProxyAddress
FN:37,getImplementationAddress
FNDA:0,getImplementationAddress
FN:41,getUSDC
FNDA:0,getUSDC
FN:45,getPrincipal
FNDA:0,getPrincipal
FN:49,getSchoolFees
FNDA:0,getSchoolFees
end_of_record
SF:/home/orakul/Projects/task/2025-05-hawk-high/script/GraduateToLevelTwo.s.sol
DA:9,0
DA:10,0
DA:13,0
DA:16,0
DA:17,0
DA:18,0
DA:19,0
DA:21,0
DA:24,0
DA:25,0
DA:26,0
DA:27,0
DA:29,0
DA:31,0
DA:33,0
DA:35,0
DA:36,0
DA:37,0
DA:39,0
FN:12,setUp
FNDA:0,setUp
FN:16,deployLevelTwo
FNDA:0,deployLevelTwo
FN:24,run
FNDA:0,run
end_of_record
SF:/home/orakul/Projects/task/2025-05-hawk-high/src/LevelOne.sol
DA:42,1
DA:43,0
DA:44,1001925
DA:45,0
DA:46,2553
DA:47,999995
DA:48,371
DA:54,1000229
DA:55,1000229
DA:56,1000229
DA:96,1000960
DA:97,0
DA:103,0
DA:104,0
DA:110,999991
DA:111,0
DA:122,1
DA:123,0
DA:125,1
DA:126,0
DA:128,1
DA:129,0
DA:132,1
DA:133,1
DA:134,1
DA:136,1
DA:145,999991
DA:146,0
DA:148,999991
DA:149,0
DA:151,999991
DA:153,999991
DA:154,999991
DA:155,999991
DA:156,999991
DA:158,999991
DA:161,0
DA:162,0
DA:165,615
DA:166,615
DA:169,1001310
DA:170,1001310
DA:173,0
DA:174,0
DA:177,615
DA:178,615
DA:181,1588
DA:182,1588
DA:185,0
DA:186,0
DA:189,1002464
DA:190,1002464
DA:193,828
DA:194,828
DA:203,218
DA:204,0
DA:207,218
DA:208,0
DA:211,218
DA:212,0
DA:215,218
DA:216,218
DA:218,218
DA:222,1122
DA:223,123
DA:226,999
DA:227,999
DA:230,0
DA:231,0
DA:232,0
DA:233,0
DA:234,0
DA:235,0
DA:239,0
DA:241,0
DA:245,148
DA:246,0
DA:248,148
DA:249,3
DA:252,145
DA:253,145
DA:256,0
DA:257,0
DA:258,0
DA:259,0
DA:260,0
DA:261,0
DA:265,0
DA:267,0
DA:271,269
DA:272,269
DA:273,269
DA:275,269
DA:279,0
DA:280,0
DA:282,0
DA:283,0
DA:286,0
DA:287,0
DA:291,0
DA:293,0
DA:297,1000239
DA:298,10
DA:301,1000229
DA:303,1000229
DA:304,1000229
DA:306,1000229
DA:308,1000437
DA:309,208
DA:312,1000229
DA:315,1000960
DA:318,1455
DA:319,1455
FN:121,initialize
FNDA:1,initialize
FN:144,enroll
FNDA:1,enroll
FN:161,getPrincipal
FNDA:0,getPrincipal
FN:165,getSchoolFeesCost
FNDA:1,getSchoolFeesCost
FN:169,getSchoolFeesToken
FNDA:1,getSchoolFeesToken
FN:173,getTotalTeachers
FNDA:0,getTotalTeachers
FN:177,getTotalStudents
FNDA:1,getTotalStudents
FN:181,getListOfStudents
FNDA:1,getListOfStudents
FN:185,getListOfTeachers
FNDA:0,getListOfTeachers
FN:189,getSessionStatus
FNDA:1,getSessionStatus
FN:193,getSessionEnd
FNDA:1,getSessionEnd
FN:202,addTeacher
FNDA:1,addTeacher
FN:221,removeTeacher
FNDA:1,removeTeacher
FN:244,expel
FNDA:1,expel
FN:270,startSession
FNDA:1,startSession
FN:278,giveReview
FNDA:0,giveReview
FN:296,graduateAndUpgrade
FNDA:1,graduateAndUpgrade
FN:315,_authorizeUpgrade
FNDA:0,_authorizeUpgrade
FN:318,getReviewCount
FNDA:1,getReviewCount
end_of_record
SF:/home/orakul/Projects/task/2025-05-hawk-high/src/LevelTwo.sol
DA:8,0
DA:13,0
DA:14,0
DA:15,0
DA:16,0
DA:17,0
DA:18,0
DA:22,0
DA:23,0
DA:24,0
DA:28,0
DA:30,0
DA:31,0
DA:34,0
DA:35,0
DA:38,0
DA:39,0
DA:42,0
DA:43,0
DA:46,0
DA:47,0
DA:50,0
DA:51,0
FN:28,graduate
FNDA:0,graduate
FN:30,getPrincipal
FNDA:0,getPrincipal
FN:34,getSchoolFeesToken
FNDA:0,getSchoolFeesToken
FN:38,getTotalTeachers
FNDA:0,getTotalTeachers
FN:42,getTotalStudents
FNDA:0,getTotalStudents
FN:46,getListOfStudents
FNDA:0,getListOfStudents
FN:50,getListOfTeachers
FNDA:0,getListOfTeachers
end_of_record
SF:/home/orakul/Projects/task/2025-05-hawk-high/test/CryticToFoundry.sol
DA:5,0
DA:43,0
DA:44,0
DA:45,0
DA:46,0
DA:48,0
DA:49,0
DA:50,0
DA:51,0
DA:53,0
DA:54,0
DA:55,0
DA:56,0
DA:58,0
DA:59,0
DA:60,0
DA:61,0
DA:63,0
DA:64,0
DA:65,0
DA:66,0
DA:68,0
DA:69,0
DA:70,0
DA:71,0
DA:73,0
DA:74,0
DA:75,0
DA:76,0
DA:78,0
DA:79,0
DA:80,0
DA:81,0
DA:83,0
DA:84,0
DA:85,0
DA:86,0
DA:88,0
DA:89,0
DA:90,0
DA:91,0
DA:93,0
DA:94,0
DA:95,0
DA:96,0
FN:41,test_invariant_noDoubleSpending_0
FNDA:0,test_invariant_noDoubleSpending_0
end_of_record
SF:/home/orakul/Projects/task/2025-05-hawk-high/test/LeveOnelAndGraduateTest.t.sol
DA:11,0
DA:39,0
DA:40,0
DA:41,0
DA:45,0
DA:46,0
DA:47,0
DA:48,0
DA:50,0
DA:51,0
DA:53,0
DA:54,0
DA:55,0
DA:56,0
DA:57,0
DA:58,0
DA:60,0
DA:61,0
DA:62,0
DA:63,0
DA:64,0
DA:65,0
DA:69,0
DA:70,0
DA:71,0
DA:73,0
DA:74,0
DA:75,0
DA:76,0
DA:77,0
DA:78,0
DA:82,0
DA:83,0
DA:84,0
DA:85,0
DA:87,0
DA:88,0
DA:89,0
DA:93,0
DA:94,0
DA:98,0
DA:99,0
DA:101,0
DA:102,0
DA:103,0
DA:107,0
DA:108,0
DA:109,0
DA:110,0
DA:112,0
DA:113,0
DA:115,0
DA:116,0
DA:120,0
DA:121,0
DA:122,0
DA:123,0
DA:125,0
DA:129,0
DA:131,0
DA:132,0
DA:133,0
DA:137,0
DA:138,0
DA:139,0
DA:140,0
DA:142,0
DA:143,0
DA:144,0
DA:148,0
DA:149,0
DA:151,0
DA:152,0
DA:158,0
DA:160,0
DA:161,0
DA:163,0
DA:167,0
DA:168,0
DA:170,0
DA:172,0
DA:173,0
DA:175,0
DA:177,0
DA:178,0
DA:188,0
DA:189,0
DA:190,0
DA:191,0
DA:195,0
DA:196,0
DA:197,0
DA:198,0
DA:200,0
DA:201,0
DA:202,0
DA:203,0
DA:205,0
DA:206,0
DA:207,0
DA:208,0
DA:210,0
DA:211,0
DA:212,0
DA:213,0
DA:215,0
DA:216,0
DA:217,0
DA:218,0
DA:220,0
DA:221,0
DA:222,0
DA:223,0
FN:38,setUp
FNDA:0,setUp
FN:68,test_confirm_first_deployment_is_level_one
FNDA:0,test_confirm_first_deployment_is_level_one
FN:81,test_confirm_add_teacher
FNDA:0,test_confirm_add_teacher
FN:92,test_confirm_cannot_add_teacher_if_not_principal
FNDA:0,test_confirm_cannot_add_teacher_if_not_principal
FN:97,test_confirm_cannot_add_teacher_twice
FNDA:0,test_confirm_cannot_add_teacher_twice
FN:106,test_confirm_remove_teacher
FNDA:0,test_confirm_remove_teacher
FN:119,test_confirm_enroll
FNDA:0,test_confirm_enroll
FN:128,test_confirm_cannot_enroll_without_school_fees
FNDA:0,test_confirm_cannot_enroll_without_school_fees
FN:136,test_confirm_cannot_enroll_twice
FNDA:0,test_confirm_cannot_enroll_twice
FN:157,test_confirm_can_give_review
FNDA:0,test_confirm_can_give_review
FN:166,test_confirm_can_graduate
FNDA:0,test_confirm_can_graduate
FN:187,_teachersAdded
FNDA:0,_teachersAdded
FN:194,_studentsEnrolled
FNDA:0,_studentsEnrolled
end_of_record
SF:/home/orakul/Projects/task/2025-05-hawk-high/test/invariant/Setup.sol
DA:9,0
DA:10,0
DA:11,0
DA:12,0
DA:13,0
DA:14,0
DA:15,0
DA:16,1
DA:17,1
DA:19,1
DA:21,1
DA:22,1
DA:23,1
DA:24,1
DA:26,1
FN:18,setUp
FNDA:1,setUp
end_of_record
SF:/home/orakul/Projects/task/2025-05-hawk-high/test/invariant/handlers/LevelOneHandlers.sol
DA:13,1
DA:17,453
DA:18,453
DA:21,218
DA:22,218
DA:23,218
DA:28,999995
DA:29,999995
DA:32,999995
DA:33,999995
DA:35,999991
DA:36,999991
DA:37,999991
DA:42,702
DA:43,702
DA:45,148
DA:46,0
DA:48,148
DA:49,148
DA:54,1566
DA:55,0
DA:56,0
DA:60,1000239
DA:61,1000239
DA:65,1079
DA:69,1122
DA:70,0
DA:72,1122
DA:73,1122
DA:78,486
DA:79,269
DA:80,269
DA:84,731
DA:85,731
DA:90,1000592
DA:91,1000592
DA:92,1000592
DA:93,999995
DA:94,999995
DA:96,999995
DA:100,999995
DA:101,999995
DA:105,0
DA:106,0
DA:109,0
DA:110,0
DA:113,0
DA:114,0
DA:117,0
DA:118,0
DA:121,0
DA:122,0
DA:125,0
DA:126,0
FN:15,levelOne_addTeacher
FNDA:1,levelOne_addTeacher
FN:26,levelOne_enroll
FNDA:1,levelOne_enroll
FN:40,levelOne_expel
FNDA:1,levelOne_expel
FN:52,levelOne_giveReview
FNDA:1,levelOne_giveReview
FN:59,levelOne_graduateAndUpgrade
FNDA:1,levelOne_graduateAndUpgrade
FN:64,levelOne_initialize
FNDA:1,levelOne_initialize
FN:68,levelOne_removeTeacher
FNDA:1,levelOne_removeTeacher
FN:76,levelOne_startSession
FNDA:1,levelOne_startSession
FN:83,levelOne_upgradeToAndCall
FNDA:1,levelOne_upgradeToAndCall
FN:105,getTrackedTeachers
FNDA:0,getTrackedTeachers
FN:109,getTrackedStudents
FNDA:0,getTrackedStudents
FN:113,getTrackedTeacherCount
FNDA:0,getTrackedTeacherCount
FN:117,getTrackedStudentCount
FNDA:0,getTrackedStudentCount
FN:121,isTrackedTeacher
FNDA:0,isTrackedTeacher
FN:125,isTrackedStudent
FNDA:0,isTrackedStudent
end_of_record
SF:/home/orakul/Projects/task/2025-05-hawk-high/test/invariant/properties/Properties.sol
DA:9,1
DA:14,838
DA:15,838
DA:16,0
DA:17,0
DA:22,987
DA:27,713
DA:29,1084
DA:30,371
DA:31,371
DA:39,875
DA:41,1492
DA:42,617
DA:43,617
DA:49,828
DA:50,828
DA:52,828
DA:53,279
DA:58,615
DA:59,615
DA:60,615
DA:61,615
DA:63,615
DA:68,1000598
DA:69,1000598
DA:70,1000598
DA:72,1000598
DA:77,852
DA:78,852
DA:79,852
DA:81,852
DA:82,852
DA:83,852
DA:86,852
DA:91,712
DA:92,712
DA:93,712
DA:96,712
DA:98,530
DA:99,530
FN:13,invariant_reviewCountIncreasesAfterPositiveReview
FNDA:1,invariant_reviewCountIncreasesAfterPositiveReview
FN:21,invariant_principalCannotBeTeacher
FNDA:1,invariant_principalCannotBeTeacher
FN:26,invariant_studentScoresBounded
FNDA:1,invariant_studentScoresBounded
FN:38,invariant_reviewCountWithinLimits
FNDA:1,invariant_reviewCountWithinLimits
FN:48,invariant_sessionStateLogic
FNDA:1,invariant_sessionStateLogic
FN:57,invariant_bursaryAccumulation
FNDA:1,invariant_bursaryAccumulation
FN:67,invariant_contractBalanceConsistency
FNDA:1,invariant_contractBalanceConsistency
FN:76,invariant_paymentDistribution
FNDA:1,invariant_paymentDistribution
FN:90,invariant_noDoubleSpending
FNDA:1,invariant_noDoubleSpending
end_of_record
SF:/home/orakul/Projects/task/2025-05-hawk-high/test/invariant/utils/LibAddressSet.sol
DA:3,29
DA:12,218
DA:13,218
DA:15,218
DA:16,218
DA:20,999991
DA:21,999991
DA:23,999991
DA:24,999991
DA:28,0
DA:29,0
DA:31,0
DA:32,0
DA:34,0
DA:36,0
DA:37,0
DA:38,0
DA:41,0
DA:42,0
DA:46,0
DA:47,0
DA:49,0
DA:50,0
DA:52,0
DA:54,0
DA:55,0
DA:56,0
DA:59,0
DA:60,0
DA:63,1001117
DA:64,1001117
DA:67,148
DA:68,148
DA:71,0
DA:72,0
DA:75,0
DA:76,0
DA:79,0
DA:80,0
DA:83,0
DA:84,0
FN:11,addTeacher
FNDA:1,addTeacher
FN:19,addStudent
FNDA:1,addStudent
FN:27,removeTeacher
FNDA:0,removeTeacher
FN:45,removeStudent
FNDA:0,removeStudent
FN:63,isTeacher
FNDA:1,isTeacher
FN:67,isStudent
FNDA:1,isStudent
FN:71,getTeachers
FNDA:0,getTeachers
FN:75,getStudents
FNDA:0,getStudents
FN:79,getTeacherCount
FNDA:0,getTeacherCount
FN:83,getStudentCount
FNDA:0,getStudentCount
end_of_record
SF:/home/orakul/Projects/task/2025-05-hawk-high/test/invariant/utils/PropertiesHelper.sol
DA:18,987
DA:19,0
DA:20,0
DA:26,3171
DA:27,0
DA:28,0
DA:29,0
DA:31,0
DA:33,0
DA:35,0
DA:37,0
DA:38,0
DA:98,1001128
DA:99,999950
DA:100,999950
DA:101,999950
DA:103,999950
DA:105,999950
DA:107,999950
DA:109,999950
DA:110,999950
DA:134,279
DA:135,0
DA:136,0
DA:137,0
DA:139,0
DA:141,0
DA:143,0
DA:145,0
DA:146,0
DA:170,1840
DA:171,0
DA:172,0
DA:173,0
DA:175,0
DA:177,0
DA:179,0
DA:181,0
DA:182,0
DA:448,17
DA:458,1999900
DA:464,1999900
DA:467,1999900
DA:470,1999900
DA:473,1999900
DA:476,1999900
DA:481,43997800
DA:483,43997800
DA:487,43997800
DA:490,43997800
DA:493,43997800
DA:497,1999900
DA:500,1999900
DA:503,1999900
FN:17,assertWithMsg
FNDA:1,assertWithMsg
FN:25,assertEq
FNDA:1,assertEq
FN:43,assertEq
FNDA:0,assertEq
FN:61,assertNeq
FNDA:0,assertNeq
FN:79,assertNeq
FNDA:0,assertNeq
FN:97,assertGte
FNDA:1,assertGte
FN:115,assertGte
FNDA:0,assertGte
FN:133,assertGt
FNDA:1,assertGt
FN:151,assertGt
FNDA:0,assertGt
FN:169,assertLte
FNDA:1,assertLte
FN:187,assertLte
FNDA:0,assertLte
FN:205,assertLt
FNDA:0,assertLt
FN:223,assertLt
FNDA:0,assertLt
FN:241,clampBetween
FNDA:0,clampBetween
FN:263,clampBetween
FNDA:0,clampBetween
FN:288,clampLt
FNDA:0,clampLt
FN:311,clampLt
FNDA:0,clampLt
FN:329,clampLte
FNDA:0,clampLte
FN:347,clampLte
FNDA:0,clampLte
FN:365,clampGt
FNDA:0,clampGt
FN:389,clampGt
FNDA:0,clampGt
FN:408,clampGte
FNDA:0,clampGte
FN:426,clampGte
FNDA:0,clampGte
FN:449,toString
FNDA:0,toString
FN:458,toString
FNDA:1,toString
FN:507,toString
FNDA:0,toString
FN:521,char
FNDA:0,char
end_of_record
SF:/home/orakul/Projects/task/2025-05-hawk-high/test/invariant/utils/StdCheats.sol
end_of_record
SF:/home/orakul/Projects/task/2025-05-hawk-high/test/mocks/MockUSDC.sol
DA:7,1
DA:10,1000592
FN:9,mint
FNDA:1,mint
end_of_record
